[    2425ms] [WARNING] Feb-11 13:24:20.428 (T00000000) Clogger context could not be determined, using empty context @ https://a.slack-edge.com/bv1-13-br/modern.vendor.a09d5d1dc1c9dbd14c9b.min.js:384
[    2448ms] [WARNING] Feb-11 13:24:20.455 TELEMETRY You tried to get a team-specific telemeter but didn’t provide enough context and are getting the generic telemeter instead which is likely not what you want. @ https://a.slack-edge.com/bv1-13-br/modern.vendor.a09d5d1dc1c9dbd14c9b.min.js:384
[    2608ms] [ERROR] Feb-11 13:24:20.615 Cannot mount app manifest coachmark @ https://a.slack-edge.com/bv1-13-br/modern.vendor.a09d5d1dc1c9dbd14c9b.min.js:384
[    2608ms] [ERROR] Feb-11 13:24:20.616 Cannot mount ai apps coachmark @ https://a.slack-edge.com/bv1-13-br/modern.vendor.a09d5d1dc1c9dbd14c9b.min.js:384
[    2613ms] [WARNING] Feb-11 13:24:20.620 TELEMETRY You tried to get a team-specific telemeter but didn’t provide enough context and are getting the generic telemeter instead which is likely not what you want. @ https://a.slack-edge.com/bv1-13-br/modern.vendor.a09d5d1dc1c9dbd14c9b.min.js:384
[    2615ms] [WARNING] Feb-11 13:24:20.622 TELEMETRY You tried to get a team-specific telemeter but didn’t provide enough context and are getting the generic telemeter instead which is likely not what you want. @ https://a.slack-edge.com/bv1-13-br/modern.vendor.a09d5d1dc1c9dbd14c9b.min.js:384
[    8295ms] [WARNING] Feb-11 13:24:26.302 TELEMETRY You tried to get a team-specific telemeter but didn’t provide enough context and are getting the generic telemeter instead which is likely not what you want. @ https://a.slack-edge.com/bv1-13-br/modern.vendor.a09d5d1dc1c9dbd14c9b.min.js:384
[    8313ms] [WARNING] Feb-11 13:24:26.320 (T00000000) [PORTABLE-REACT-MODAL] Unable to find undefined @ https://a.slack-edge.com/bv1-13-br/modern.vendor.a09d5d1dc1c9dbd14c9b.min.js:384
[    8335ms] [WARNING] Feb-11 13:24:26.342 TELEMETRY You tried to get a team-specific telemeter but didn’t provide enough context and are getting the generic telemeter instead which is likely not what you want. @ https://a.slack-edge.com/bv1-13-br/modern.vendor.a09d5d1dc1c9dbd14c9b.min.js:384
[    8337ms] [ERROR] Feb-11 13:24:26.344 LEGACY-API-TOKEN (T00000000) Falling back to TS.model.api_token on https://api.slack.com/apps @ https://a.slack-edge.com/bv1-13-br/modern.vendor.a09d5d1dc1c9dbd14c9b.min.js:384
[    8338ms] [WARNING] Feb-11 13:24:26.346 TRACES You tried to get a team-specific tracer but didn’t provide enough context and are getting the generic tracer instead which is likely not what you want. @ https://a.slack-edge.com/bv1-13-br/modern.vendor.a09d5d1dc1c9dbd14c9b.min.js:384
[    8340ms] [WARNING] Feb-11 13:24:26.348 TRACES You tried to get a team-specific tracer but didn’t provide enough context and are getting the generic tracer instead which is likely not what you want. @ https://a.slack-edge.com/bv1-13-br/modern.vendor.a09d5d1dc1c9dbd14c9b.min.js:384
[    8492ms] [WARNING] Feb-11 13:24:26.499 TRACES You tried to get a team-specific tracer but didn’t provide enough context and are getting the generic tracer instead which is likely not what you want. @ https://a.slack-edge.com/bv1-13-br/modern.vendor.a09d5d1dc1c9dbd14c9b.min.js:384
[    8494ms] [WARNING] Feb-11 13:24:26.501 UFM-teams (T00000000) UnknownFetchManager requested 1 objects but received 0. Missing objects: T00000000 @ https://a.slack-edge.com/bv1-13-br/modern.vendor.a09d5d1dc1c9dbd14c9b.min.js:384
[   49205ms] TypeError: Cannot read properties of undefined (reading 'analytics')
    at afterConsentScripts (https://api.slack.com/apps:171:12)
    at https://api.slack.com/apps:234:3
    at https://cdn.cookielaw.org/scripttemplates/202402.1.0/otBannerSdk.js:7:162977
[   53072ms] [WARNING] Feb-11 13:25:11.080 (T00000000) Clogger context could not be determined, using empty context @ https://a.slack-edge.com/bv1-13-br/modern.vendor.a09d5d1dc1c9dbd14c9b.min.js:384
[   53082ms] [WARNING] Feb-11 13:25:11.089 TELEMETRY You tried to get a team-specific telemeter but didn’t provide enough context and are getting the generic telemeter instead which is likely not what you want. @ https://a.slack-edge.com/bv1-13-br/modern.vendor.a09d5d1dc1c9dbd14c9b.min.js:384
[   53091ms] [ERROR] Feb-11 13:25:11.099 Cannot mount app manifest coachmark @ https://a.slack-edge.com/bv1-13-br/modern.vendor.a09d5d1dc1c9dbd14c9b.min.js:384
[   53091ms] [ERROR] Feb-11 13:25:11.099 Cannot mount ai apps coachmark @ https://a.slack-edge.com/bv1-13-br/modern.vendor.a09d5d1dc1c9dbd14c9b.min.js:384
[   53094ms] [WARNING] Feb-11 13:25:11.102 TELEMETRY You tried to get a team-specific telemeter but didn’t provide enough context and are getting the generic telemeter instead which is likely not what you want. @ https://a.slack-edge.com/bv1-13-br/modern.vendor.a09d5d1dc1c9dbd14c9b.min.js:384
[   53096ms] [WARNING] Feb-11 13:25:11.103 TELEMETRY You tried to get a team-specific telemeter but didn’t provide enough context and are getting the generic telemeter instead which is likely not what you want. @ https://a.slack-edge.com/bv1-13-br/modern.vendor.a09d5d1dc1c9dbd14c9b.min.js:384
[   53106ms] [WARNING] Error in Optanon wrapper, please review your code. TypeError: Cannot read properties of undefined (reading 'analytics') @ https://cdn.cookielaw.org/scripttemplates/202402.1.0/otBannerSdk.js:6
[   64953ms] [WARNING] Feb-11 13:25:22.961 TELEMETRY You tried to get a team-specific telemeter but didn’t provide enough context and are getting the generic telemeter instead which is likely not what you want. @ https://a.slack-edge.com/bv1-13-br/modern.vendor.a09d5d1dc1c9dbd14c9b.min.js:384
[   64958ms] [WARNING] Feb-11 13:25:22.966 (T00000000) [PORTABLE-REACT-MODAL] Unable to find undefined @ https://a.slack-edge.com/bv1-13-br/modern.vendor.a09d5d1dc1c9dbd14c9b.min.js:384
[   64977ms] [WARNING] Feb-11 13:25:22.984 TELEMETRY You tried to get a team-specific telemeter but didn’t provide enough context and are getting the generic telemeter instead which is likely not what you want. @ https://a.slack-edge.com/bv1-13-br/modern.vendor.a09d5d1dc1c9dbd14c9b.min.js:384
[   64977ms] [ERROR] Feb-11 13:25:22.985 LEGACY-API-TOKEN (T00000000) Falling back to TS.model.api_token on https://api.slack.com/apps @ https://a.slack-edge.com/bv1-13-br/modern.vendor.a09d5d1dc1c9dbd14c9b.min.js:384
[   64979ms] [WARNING] Feb-11 13:25:22.986 TRACES You tried to get a team-specific tracer but didn’t provide enough context and are getting the generic tracer instead which is likely not what you want. @ https://a.slack-edge.com/bv1-13-br/modern.vendor.a09d5d1dc1c9dbd14c9b.min.js:384
[   64980ms] [WARNING] Feb-11 13:25:22.987 TRACES You tried to get a team-specific tracer but didn’t provide enough context and are getting the generic tracer instead which is likely not what you want. @ https://a.slack-edge.com/bv1-13-br/modern.vendor.a09d5d1dc1c9dbd14c9b.min.js:384
[   65129ms] [WARNING] Feb-11 13:25:23.136 TRACES You tried to get a team-specific tracer but didn’t provide enough context and are getting the generic tracer instead which is likely not what you want. @ https://a.slack-edge.com/bv1-13-br/modern.vendor.a09d5d1dc1c9dbd14c9b.min.js:384
[   65130ms] [WARNING] Feb-11 13:25:23.137 UFM-teams (T00000000) UnknownFetchManager requested 1 objects but received 0. Missing objects: T00000000 @ https://a.slack-edge.com/bv1-13-br/modern.vendor.a09d5d1dc1c9dbd14c9b.min.js:384
[   95593ms] [WARNING] Feb-11 13:25:53.599 TRACES You tried to get a team-specific tracer but didn’t provide enough context and are getting the generic tracer instead which is likely not what you want. @ https://a.slack-edge.com/bv1-13-br/modern.vendor.a09d5d1dc1c9dbd14c9b.min.js:384
[   95593ms] [WARNING] Feb-11 13:25:53.600 TRACES You tried to get a team-specific tracer but didn’t provide enough context and are getting the generic tracer instead which is likely not what you want. @ https://a.slack-edge.com/bv1-13-br/modern.vendor.a09d5d1dc1c9dbd14c9b.min.js:384
[   97061ms] [WARNING] Error in Optanon wrapper, please review your code. TypeError: Cannot read properties of undefined (reading 'analytics') @ https://cdn.cookielaw.org/scripttemplates/202402.1.0/otBannerSdk.js:6
[   97253ms] [WARNING] Feb-11 13:25:55.260 (T08HGAA1ER5) [PORTABLE-REACT-MODAL] Unable to find undefined @ https://a.slack-edge.com/bv1-13-br/modern.vendor.a09d5d1dc1c9dbd14c9b.min.js:384
[   97264ms] [WARNING] Feb-11 13:25:55.271 Couldn't complete metrics measurement for start mark 'navigationStart' @ https://a.slack-edge.com/bv1-13-br/modern.vendor.a09d5d1dc1c9dbd14c9b.min.js:384
[   97299ms] [WARNING] Feb-11 13:25:55.306 TRACES You tried to get a team-specific tracer but didn’t provide enough context and are getting the generic tracer instead which is likely not what you want. @ https://a.slack-edge.com/bv1-13-br/modern.vendor.a09d5d1dc1c9dbd14c9b.min.js:384
[   97300ms] [WARNING] Feb-11 13:25:55.308 TRACES You tried to get a team-specific tracer but didn’t provide enough context and are getting the generic tracer instead which is likely not what you want. @ https://a.slack-edge.com/bv1-13-br/modern.vendor.a09d5d1dc1c9dbd14c9b.min.js:384
[   97304ms] [WARNING] Feb-11 13:25:55.312 TRACES You tried to get a team-specific tracer but didn’t provide enough context and are getting the generic tracer instead which is likely not what you want. @ https://a.slack-edge.com/bv1-13-br/modern.vendor.a09d5d1dc1c9dbd14c9b.min.js:384
[   97305ms] [WARNING] Feb-11 13:25:55.312 TRACES You tried to get a team-specific tracer but didn’t provide enough context and are getting the generic tracer instead which is likely not what you want. @ https://a.slack-edge.com/bv1-13-br/modern.vendor.a09d5d1dc1c9dbd14c9b.min.js:384
[   97306ms] [WARNING] Feb-11 13:25:55.314 TRACES You tried to get a team-specific tracer but didn’t provide enough context and are getting the generic tracer instead which is likely not what you want. @ https://a.slack-edge.com/bv1-13-br/modern.vendor.a09d5d1dc1c9dbd14c9b.min.js:384
[   97307ms] [WARNING] Feb-11 13:25:55.314 TRACES You tried to get a team-specific tracer but didn’t provide enough context and are getting the generic tracer instead which is likely not what you want. @ https://a.slack-edge.com/bv1-13-br/modern.vendor.a09d5d1dc1c9dbd14c9b.min.js:384
[   97567ms] [WARNING] Feb-11 13:25:55.574 TRACES You tried to get a team-specific tracer but didn’t provide enough context and are getting the generic tracer instead which is likely not what you want. @ https://a.slack-edge.com/bv1-13-br/modern.vendor.a09d5d1dc1c9dbd14c9b.min.js:384
[   97567ms] [WARNING] Feb-11 13:25:55.575 TRACES You tried to get a team-specific tracer but didn’t provide enough context and are getting the generic tracer instead which is likely not what you want. @ https://a.slack-edge.com/bv1-13-br/modern.vendor.a09d5d1dc1c9dbd14c9b.min.js:384
[   97703ms] [ERROR] Access to XMLHttpRequest at 'https://ibc-flow.techtarget.com/a/gif.gif?actTypeId=31&cid=17821466&r=1770812755386&ref=https%3A%2F%2Fapi.slack.com%2Fapps%2FA0AE8PFDCN9%3Fcreated%3D1&version=2.4' from origin 'https://api.slack.com' has been blocked by CORS policy: No 'Access-Control-Allow-Origin' header is present on the requested resource. @ https://api.slack.com/apps/A0AE8PFDCN9?created=1:0
[   97704ms] [ERROR] Failed to load resource: net::ERR_FAILED @ https://ibc-flow.techtarget.com/a/gif.gif?actTypeId=31&cid=17821466&r=1770812755386&ref=https%3A%2F%2Fapi.slack.com%2Fapps%2FA0AE8PFDCN9%3Fcreated%3D1&version=2.4:0
[  110521ms] [WARNING] Feb-11 13:26:08.529 TRACES You tried to get a team-specific tracer but didn’t provide enough context and are getting the generic tracer instead which is likely not what you want. @ https://a.slack-edge.com/bv1-13-br/modern.vendor.a09d5d1dc1c9dbd14c9b.min.js:384
[  110522ms] [WARNING] Feb-11 13:26:08.529 TRACES You tried to get a team-specific tracer but didn’t provide enough context and are getting the generic tracer instead which is likely not what you want. @ https://a.slack-edge.com/bv1-13-br/modern.vendor.a09d5d1dc1c9dbd14c9b.min.js:384
[  113263ms] [WARNING] Feb-11 13:26:11.270 TRACES You tried to get a team-specific tracer but didn’t provide enough context and are getting the generic tracer instead which is likely not what you want. @ https://a.slack-edge.com/bv1-13-br/modern.vendor.a09d5d1dc1c9dbd14c9b.min.js:384
[  113263ms] [WARNING] Feb-11 13:26:11.270 TRACES You tried to get a team-specific tracer but didn’t provide enough context and are getting the generic tracer instead which is likely not what you want. @ https://a.slack-edge.com/bv1-13-br/modern.vendor.a09d5d1dc1c9dbd14c9b.min.js:384
[  128400ms] [ERROR] Access to XMLHttpRequest at 'https://slack.com/clog/track/' from origin 'https://api.slack.com' has been blocked by CORS policy: No 'Access-Control-Allow-Origin' header is present on the requested resource. @ https://api.slack.com/apps/A0AE8PFDCN9?created=1:0
[  128401ms] [ERROR] Failed to load resource: net::ERR_FAILED @ https://slack.com/clog/track/:0
[  136074ms] [WARNING] Feb-11 13:26:34.081 Couldn't complete metrics measurement for start mark 'session_lifespan' @ https://a.slack-edge.com/bv1-13-br/modern.vendor.a09d5d1dc1c9dbd14c9b.min.js:384
[  136074ms] [WARNING] Feb-11 13:26:34.081 Couldn't complete metrics measurement for start mark 'session_lifespan' @ https://a.slack-edge.com/bv1-13-br/modern.vendor.a09d5d1dc1c9dbd14c9b.min.js:384
[  137517ms] [WARNING] Error in Optanon wrapper, please review your code. TypeError: Cannot read properties of undefined (reading 'analytics') @ https://cdn.cookielaw.org/scripttemplates/202402.1.0/otBannerSdk.js:6
[  137529ms] [WARNING] Feb-11 13:26:35.536 Couldn't complete metrics measurement for start mark 'navigationStart' @ https://a.slack-edge.com/bv1-13-br/modern.vendor.a09d5d1dc1c9dbd14c9b.min.js:384
[  137553ms] [WARNING] Feb-11 13:26:35.561 TRACES You tried to get a team-specific tracer but didn’t provide enough context and are getting the generic tracer instead which is likely not what you want. @ https://a.slack-edge.com/bv1-13-br/modern.vendor.a09d5d1dc1c9dbd14c9b.min.js:384
[  137554ms] [WARNING] Feb-11 13:26:35.561 TRACES You tried to get a team-specific tracer but didn’t provide enough context and are getting the generic tracer instead which is likely not what you want. @ https://a.slack-edge.com/bv1-13-br/modern.vendor.a09d5d1dc1c9dbd14c9b.min.js:384
[  137555ms] [WARNING] Feb-11 13:26:35.563 TRACES You tried to get a team-specific tracer but didn’t provide enough context and are getting the generic tracer instead which is likely not what you want. @ https://a.slack-edge.com/bv1-13-br/modern.vendor.a09d5d1dc1c9dbd14c9b.min.js:384
[  137555ms] [WARNING] Feb-11 13:26:35.563 TRACES You tried to get a team-specific tracer but didn’t provide enough context and are getting the generic tracer instead which is likely not what you want. @ https://a.slack-edge.com/bv1-13-br/modern.vendor.a09d5d1dc1c9dbd14c9b.min.js:384
[  137824ms] [WARNING] Feb-11 13:26:35.832 TRACES You tried to get a team-specific tracer but didn’t provide enough context and are getting the generic tracer instead which is likely not what you want. @ https://a.slack-edge.com/bv1-13-br/modern.vendor.a09d5d1dc1c9dbd14c9b.min.js:384
[  137825ms] [WARNING] Feb-11 13:26:35.832 TRACES You tried to get a team-specific tracer but didn’t provide enough context and are getting the generic tracer instead which is likely not what you want. @ https://a.slack-edge.com/bv1-13-br/modern.vendor.a09d5d1dc1c9dbd14c9b.min.js:384
[  138048ms] [ERROR] Access to XMLHttpRequest at 'https://ibc-flow.techtarget.com/a/gif.gif?actTypeId=31&cid=17821466&r=1770812795737&ref=https%3A%2F%2Fapi.slack.com%2Fapps%2FA0AE8PFDCN9%2Foauth&version=2.4' from origin 'https://api.slack.com' has been blocked by CORS policy: No 'Access-Control-Allow-Origin' header is present on the requested resource. @ https://api.slack.com/apps/A0AE8PFDCN9/oauth?:0
[  138048ms] [ERROR] Failed to load resource: net::ERR_FAILED @ https://ibc-flow.techtarget.com/a/gif.gif?actTypeId=31&cid=17821466&r=1770812795737&ref=https%3A%2F%2Fapi.slack.com%2Fapps%2FA0AE8PFDCN9%2Foauth&version=2.4:0
[  146967ms] [WARNING] Feb-11 13:26:44.974 (T08HGAA1ER5) [PORTABLE-REACT-MODAL] Unable to find undefined @ https://a.slack-edge.com/bv1-13-br/modern.vendor.a09d5d1dc1c9dbd14c9b.min.js:384
[  161020ms] [WARNING] Feb-11 13:26:59.027 TRACES You tried to get a team-specific tracer but didn’t provide enough context and are getting the generic tracer instead which is likely not what you want. @ https://a.slack-edge.com/bv1-13-br/modern.vendor.a09d5d1dc1c9dbd14c9b.min.js:384
[  161021ms] [WARNING] Feb-11 13:26:59.028 TRACES You tried to get a team-specific tracer but didn’t provide enough context and are getting the generic tracer instead which is likely not what you want. @ https://a.slack-edge.com/bv1-13-br/modern.vendor.a09d5d1dc1c9dbd14c9b.min.js:384
[  163041ms] [WARNING] Feb-11 13:27:01.048 Couldn't complete metrics measurement for start mark 'session_lifespan' @ https://a.slack-edge.com/bv1-13-br/modern.vendor.a09d5d1dc1c9dbd14c9b.min.js:384
[  163041ms] [WARNING] Feb-11 13:27:01.048 Couldn't complete metrics measurement for start mark 'session_lifespan' @ https://a.slack-edge.com/bv1-13-br/modern.vendor.a09d5d1dc1c9dbd14c9b.min.js:384
[  163186ms] [ERROR] Access to XMLHttpRequest at 'https://slack.com/clog/track/' from origin 'https://api.slack.com' has been blocked by CORS policy: No 'Access-Control-Allow-Origin' header is present on the requested resource. @ https://api.slack.com/apps/A0AE8PFDCN9/oauth?:0
[  163186ms] [ERROR] Failed to load resource: net::ERR_FAILED @ https://slack.com/clog/track/:0
[  164441ms] [WARNING] Feb-11 13:27:02.449 Couldn't complete metrics measurement for start mark 'navigationStart' @ https://a.slack-edge.com/bv1-13-br/modern.vendor.a09d5d1dc1c9dbd14c9b.min.js:384
[  164480ms] [WARNING] Feb-11 13:27:02.487 TRACES You tried to get a team-specific tracer but didn’t provide enough context and are getting the generic tracer instead which is likely not what you want. @ https://a.slack-edge.com/bv1-13-br/modern.vendor.a09d5d1dc1c9dbd14c9b.min.js:384
[  164480ms] [WARNING] Feb-11 13:27:02.488 TRACES You tried to get a team-specific tracer but didn’t provide enough context and are getting the generic tracer instead which is likely not what you want. @ https://a.slack-edge.com/bv1-13-br/modern.vendor.a09d5d1dc1c9dbd14c9b.min.js:384
[  164481ms] [WARNING] Feb-11 13:27:02.489 TRACES You tried to get a team-specific tracer but didn’t provide enough context and are getting the generic tracer instead which is likely not what you want. @ https://a.slack-edge.com/bv1-13-br/modern.vendor.a09d5d1dc1c9dbd14c9b.min.js:384
[  164481ms] [WARNING] Feb-11 13:27:02.489 TRACES You tried to get a team-specific tracer but didn’t provide enough context and are getting the generic tracer instead which is likely not what you want. @ https://a.slack-edge.com/bv1-13-br/modern.vendor.a09d5d1dc1c9dbd14c9b.min.js:384
[  164496ms] [WARNING] Error in Optanon wrapper, please review your code. TypeError: Cannot read properties of undefined (reading 'analytics') @ https://cdn.cookielaw.org/scripttemplates/202402.1.0/otBannerSdk.js:6
[  164799ms] [WARNING] Feb-11 13:27:02.806 TRACES You tried to get a team-specific tracer but didn’t provide enough context and are getting the generic tracer instead which is likely not what you want. @ https://a.slack-edge.com/bv1-13-br/modern.vendor.a09d5d1dc1c9dbd14c9b.min.js:384
[  164799ms] [WARNING] Feb-11 13:27:02.807 TRACES You tried to get a team-specific tracer but didn’t provide enough context and are getting the generic tracer instead which is likely not what you want. @ https://a.slack-edge.com/bv1-13-br/modern.vendor.a09d5d1dc1c9dbd14c9b.min.js:384
[  164954ms] [ERROR] Access to XMLHttpRequest at 'https://ibc-flow.techtarget.com/a/gif.gif?actTypeId=31&cid=17821466&r=1770812822643&ref=https%3A%2F%2Fapi.slack.com%2Fapps%2FA0AE8PFDCN9%2Foauth&version=2.4' from origin 'https://api.slack.com' has been blocked by CORS policy: No 'Access-Control-Allow-Origin' header is present on the requested resource. @ https://api.slack.com/apps/A0AE8PFDCN9/oauth?:0
[  164954ms] [ERROR] Failed to load resource: net::ERR_FAILED @ https://ibc-flow.techtarget.com/a/gif.gif?actTypeId=31&cid=17821466&r=1770812822643&ref=https%3A%2F%2Fapi.slack.com%2Fapps%2FA0AE8PFDCN9%2Foauth&version=2.4:0
[  176332ms] [WARNING] Feb-11 13:27:14.339 (T08HGAA1ER5) [PORTABLE-REACT-MODAL] Unable to find undefined @ https://a.slack-edge.com/bv1-13-br/modern.vendor.a09d5d1dc1c9dbd14c9b.min.js:384
[  177396ms] [WARNING] Feb-11 13:27:15.404 TRACES You tried to get a team-specific tracer but didn’t provide enough context and are getting the generic tracer instead which is likely not what you want. @ https://a.slack-edge.com/bv1-13-br/modern.vendor.a09d5d1dc1c9dbd14c9b.min.js:384
[  177397ms] [WARNING] Feb-11 13:27:15.404 TRACES You tried to get a team-specific tracer but didn’t provide enough context and are getting the generic tracer instead which is likely not what you want. @ https://a.slack-edge.com/bv1-13-br/modern.vendor.a09d5d1dc1c9dbd14c9b.min.js:384
[  179404ms] [WARNING] Feb-11 13:27:17.412 Couldn't complete metrics measurement for start mark 'session_lifespan' @ https://a.slack-edge.com/bv1-13-br/modern.vendor.a09d5d1dc1c9dbd14c9b.min.js:384
[  179405ms] [WARNING] Feb-11 13:27:17.412 Couldn't complete metrics measurement for start mark 'session_lifespan' @ https://a.slack-edge.com/bv1-13-br/modern.vendor.a09d5d1dc1c9dbd14c9b.min.js:384
[  179533ms] [ERROR] Access to XMLHttpRequest at 'https://slack.com/clog/track/' from origin 'https://api.slack.com' has been blocked by CORS policy: No 'Access-Control-Allow-Origin' header is present on the requested resource. @ https://api.slack.com/apps/A0AE8PFDCN9/oauth?:0
[  179533ms] [ERROR] Failed to load resource: net::ERR_FAILED @ https://slack.com/clog/track/:0
[  180798ms] [WARNING] Feb-11 13:27:18.805 Couldn't complete metrics measurement for start mark 'navigationStart' @ https://a.slack-edge.com/bv1-13-br/modern.vendor.a09d5d1dc1c9dbd14c9b.min.js:384
[  180835ms] [WARNING] Error in Optanon wrapper, please review your code. TypeError: Cannot read properties of undefined (reading 'analytics') @ https://cdn.cookielaw.org/scripttemplates/202402.1.0/otBannerSdk.js:6
[  180861ms] [WARNING] Feb-11 13:27:18.868 TRACES You tried to get a team-specific tracer but didn’t provide enough context and are getting the generic tracer instead which is likely not what you want. @ https://a.slack-edge.com/bv1-13-br/modern.vendor.a09d5d1dc1c9dbd14c9b.min.js:384
[  180861ms] [WARNING] Feb-11 13:27:18.869 TRACES You tried to get a team-specific tracer but didn’t provide enough context and are getting the generic tracer instead which is likely not what you want. @ https://a.slack-edge.com/bv1-13-br/modern.vendor.a09d5d1dc1c9dbd14c9b.min.js:384
[  180863ms] [WARNING] Feb-11 13:27:18.871 TRACES You tried to get a team-specific tracer but didn’t provide enough context and are getting the generic tracer instead which is likely not what you want. @ https://a.slack-edge.com/bv1-13-br/modern.vendor.a09d5d1dc1c9dbd14c9b.min.js:384
[  180863ms] [WARNING] Feb-11 13:27:18.871 TRACES You tried to get a team-specific tracer but didn’t provide enough context and are getting the generic tracer instead which is likely not what you want. @ https://a.slack-edge.com/bv1-13-br/modern.vendor.a09d5d1dc1c9dbd14c9b.min.js:384
[  181205ms] [WARNING] Feb-11 13:27:19.213 TRACES You tried to get a team-specific tracer but didn’t provide enough context and are getting the generic tracer instead which is likely not what you want. @ https://a.slack-edge.com/bv1-13-br/modern.vendor.a09d5d1dc1c9dbd14c9b.min.js:384
[  181206ms] [WARNING] Feb-11 13:27:19.213 TRACES You tried to get a team-specific tracer but didn’t provide enough context and are getting the generic tracer instead which is likely not what you want. @ https://a.slack-edge.com/bv1-13-br/modern.vendor.a09d5d1dc1c9dbd14c9b.min.js:384
[  181346ms] [ERROR] Access to XMLHttpRequest at 'https://ibc-flow.techtarget.com/a/gif.gif?actTypeId=31&cid=17821466&r=1770812839033&ref=https%3A%2F%2Fapi.slack.com%2Fapps%2FA0AE8PFDCN9%2Foauth&version=2.4' from origin 'https://api.slack.com' has been blocked by CORS policy: No 'Access-Control-Allow-Origin' header is present on the requested resource. @ https://api.slack.com/apps/A0AE8PFDCN9/oauth?:0
[  181346ms] [ERROR] Failed to load resource: net::ERR_FAILED @ https://ibc-flow.techtarget.com/a/gif.gif?actTypeId=31&cid=17821466&r=1770812839033&ref=https%3A%2F%2Fapi.slack.com%2Fapps%2FA0AE8PFDCN9%2Foauth&version=2.4:0
