[    2109ms] [ERROR] Failed to load resource: the server responded with a status of 401 () @ https://discord.com/api/v9/promotions?locale=pl&platform=0:0
[    5741ms] [WARNING] The resource https://discord.com/assets/189422196a4f8b53.woff2 was preloaded using link preload but not used within a few seconds from the window's load event. Please make sure it has an appropriate `as` value and it is preloaded intentionally. @ https://discord.com/login?redirect_to=%2Fdevelopers%2Fapplications:0
[    5741ms] [WARNING] The resource https://discord.com/assets/ce3b8055f5114434.woff2 was preloaded using link preload but not used within a few seconds from the window's load event. Please make sure it has an appropriate `as` value and it is preloaded intentionally. @ https://discord.com/login?redirect_to=%2Fdevelopers%2Fapplications:0
[    5741ms] [WARNING] The resource https://discord.com/assets/cb2006dbced0e246.woff2 was preloaded using link preload but not used within a few seconds from the window's load event. Please make sure it has an appropriate `as` value and it is preloaded intentionally. @ https://discord.com/login?redirect_to=%2Fdevelopers%2Fapplications:0
[    5741ms] [WARNING] The resource https://discord.com/assets/7a6a566c2e88a35d.woff2 was preloaded using link preload but not used within a few seconds from the window's load event. Please make sure it has an appropriate `as` value and it is preloaded intentionally. @ https://discord.com/login?redirect_to=%2Fdevelopers%2Fapplications:0
[    5741ms] [WARNING] The resource https://discord.com/assets/e52f0cba712e2fb4.woff2 was preloaded using link preload but not used within a few seconds from the window's load event. Please make sure it has an appropriate `as` value and it is preloaded intentionally. @ https://discord.com/login?redirect_to=%2Fdevelopers%2Fapplications:0
[    5741ms] [WARNING] The resource https://discord.com/assets/dd24010f3cf7def7.woff2 was preloaded using link preload but not used within a few seconds from the window's load event. Please make sure it has an appropriate `as` value and it is preloaded intentionally. @ https://discord.com/login?redirect_to=%2Fdevelopers%2Fapplications:0
[  108541ms] [WARNING] The resource https://discord.com/assets/189422196a4f8b53.woff2 was preloaded using link preload but not used within a few seconds from the window's load event. Please make sure it has an appropriate `as` value and it is preloaded intentionally. @ https://discord.com/login?redirect_to=%2Fdevelopers%2Fapplications:0
[  108541ms] [WARNING] The resource https://discord.com/assets/ce3b8055f5114434.woff2 was preloaded using link preload but not used within a few seconds from the window's load event. Please make sure it has an appropriate `as` value and it is preloaded intentionally. @ https://discord.com/login?redirect_to=%2Fdevelopers%2Fapplications:0
[  108541ms] [WARNING] The resource https://discord.com/assets/cb2006dbced0e246.woff2 was preloaded using link preload but not used within a few seconds from the window's load event. Please make sure it has an appropriate `as` value and it is preloaded intentionally. @ https://discord.com/login?redirect_to=%2Fdevelopers%2Fapplications:0
[  108541ms] [WARNING] The resource https://discord.com/assets/7a6a566c2e88a35d.woff2 was preloaded using link preload but not used within a few seconds from the window's load event. Please make sure it has an appropriate `as` value and it is preloaded intentionally. @ https://discord.com/login?redirect_to=%2Fdevelopers%2Fapplications:0
[  108541ms] [WARNING] The resource https://discord.com/assets/e52f0cba712e2fb4.woff2 was preloaded using link preload but not used within a few seconds from the window's load event. Please make sure it has an appropriate `as` value and it is preloaded intentionally. @ https://discord.com/login?redirect_to=%2Fdevelopers%2Fapplications:0
[  108541ms] [WARNING] The resource https://discord.com/assets/dd24010f3cf7def7.woff2 was preloaded using link preload but not used within a few seconds from the window's load event. Please make sure it has an appropriate `as` value and it is preloaded intentionally. @ https://discord.com/login?redirect_to=%2Fdevelopers%2Fapplications:0
[  109275ms] Starting password login
[  109432ms] [ERROR] Failed to load resource: the server responded with a status of 400 () @ https://discord.com/api/v9/auth/login:0
[  109496ms] [WARNING] AnalyticsTrackImpressionContext function unimplemented @ https://discord.com/assets/sentry.fc57a4e891f34e3b.js:13
[  109805ms] [WARNING] AnalyticsTrackImpressionContext function unimplemented @ https://discord.com/assets/sentry.fc57a4e891f34e3b.js:13
[  113244ms] [WARNING] The resource https://discord.com/assets/189422196a4f8b53.woff2 was preloaded using link preload but not used within a few seconds from the window's load event. Please make sure it has an appropriate `as` value and it is preloaded intentionally. @ https://discord.com/login?redirect_to=%2Fdevelopers%2Fapplications:0
[  113244ms] [WARNING] The resource https://discord.com/assets/ce3b8055f5114434.woff2 was preloaded using link preload but not used within a few seconds from the window's load event. Please make sure it has an appropriate `as` value and it is preloaded intentionally. @ https://discord.com/login?redirect_to=%2Fdevelopers%2Fapplications:0
[  113244ms] [WARNING] The resource https://discord.com/assets/cb2006dbced0e246.woff2 was preloaded using link preload but not used within a few seconds from the window's load event. Please make sure it has an appropriate `as` value and it is preloaded intentionally. @ https://discord.com/login?redirect_to=%2Fdevelopers%2Fapplications:0
[  113244ms] [WARNING] The resource https://discord.com/assets/7a6a566c2e88a35d.woff2 was preloaded using link preload but not used within a few seconds from the window's load event. Please make sure it has an appropriate `as` value and it is preloaded intentionally. @ https://discord.com/login?redirect_to=%2Fdevelopers%2Fapplications:0
[  113244ms] [WARNING] The resource https://discord.com/assets/e52f0cba712e2fb4.woff2 was preloaded using link preload but not used within a few seconds from the window's load event. Please make sure it has an appropriate `as` value and it is preloaded intentionally. @ https://discord.com/login?redirect_to=%2Fdevelopers%2Fapplications:0
[  113244ms] [WARNING] The resource https://discord.com/assets/dd24010f3cf7def7.woff2 was preloaded using link preload but not used within a few seconds from the window's load event. Please make sure it has an appropriate `as` value and it is preloaded intentionally. @ https://discord.com/login?redirect_to=%2Fdevelopers%2Fapplications:0
[  114561ms] [ERROR] Failed to load resource: the server responded with a status of 400 () @ https://discord.com/api/v9/auth/login:0
[  117721ms] [WARNING] The resource https://discord.com/assets/189422196a4f8b53.woff2 was preloaded using link preload but not used within a few seconds from the window's load event. Please make sure it has an appropriate `as` value and it is preloaded intentionally. @ https://discord.com/login?redirect_to=%2Fdevelopers%2Fapplications:0
[  117721ms] [WARNING] The resource https://discord.com/assets/ce3b8055f5114434.woff2 was preloaded using link preload but not used within a few seconds from the window's load event. Please make sure it has an appropriate `as` value and it is preloaded intentionally. @ https://discord.com/login?redirect_to=%2Fdevelopers%2Fapplications:0
[  117721ms] [WARNING] The resource https://discord.com/assets/cb2006dbced0e246.woff2 was preloaded using link preload but not used within a few seconds from the window's load event. Please make sure it has an appropriate `as` value and it is preloaded intentionally. @ https://discord.com/login?redirect_to=%2Fdevelopers%2Fapplications:0
[  117721ms] [WARNING] The resource https://discord.com/assets/7a6a566c2e88a35d.woff2 was preloaded using link preload but not used within a few seconds from the window's load event. Please make sure it has an appropriate `as` value and it is preloaded intentionally. @ https://discord.com/login?redirect_to=%2Fdevelopers%2Fapplications:0
[  117721ms] [WARNING] The resource https://discord.com/assets/e52f0cba712e2fb4.woff2 was preloaded using link preload but not used within a few seconds from the window's load event. Please make sure it has an appropriate `as` value and it is preloaded intentionally. @ https://discord.com/login?redirect_to=%2Fdevelopers%2Fapplications:0
[  117721ms] [WARNING] The resource https://discord.com/assets/dd24010f3cf7def7.woff2 was preloaded using link preload but not used within a few seconds from the window's load event. Please make sure it has an appropriate `as` value and it is preloaded intentionally. @ https://discord.com/login?redirect_to=%2Fdevelopers%2Fapplications:0
[  124837ms] [WARNING] The resource https://discord.com/assets/189422196a4f8b53.woff2 was preloaded using link preload but not used within a few seconds from the window's load event. Please make sure it has an appropriate `as` value and it is preloaded intentionally. @ https://discord.com/login?redirect_to=%2Fdevelopers%2Fapplications:0
[  124837ms] [WARNING] The resource https://discord.com/assets/ce3b8055f5114434.woff2 was preloaded using link preload but not used within a few seconds from the window's load event. Please make sure it has an appropriate `as` value and it is preloaded intentionally. @ https://discord.com/login?redirect_to=%2Fdevelopers%2Fapplications:0
[  124837ms] [WARNING] The resource https://discord.com/assets/cb2006dbced0e246.woff2 was preloaded using link preload but not used within a few seconds from the window's load event. Please make sure it has an appropriate `as` value and it is preloaded intentionally. @ https://discord.com/login?redirect_to=%2Fdevelopers%2Fapplications:0
[  124837ms] [WARNING] The resource https://discord.com/assets/7a6a566c2e88a35d.woff2 was preloaded using link preload but not used within a few seconds from the window's load event. Please make sure it has an appropriate `as` value and it is preloaded intentionally. @ https://discord.com/login?redirect_to=%2Fdevelopers%2Fapplications:0
[  124837ms] [WARNING] The resource https://discord.com/assets/e52f0cba712e2fb4.woff2 was preloaded using link preload but not used within a few seconds from the window's load event. Please make sure it has an appropriate `as` value and it is preloaded intentionally. @ https://discord.com/login?redirect_to=%2Fdevelopers%2Fapplications:0
[  124837ms] [WARNING] The resource https://discord.com/assets/dd24010f3cf7def7.woff2 was preloaded using link preload but not used within a few seconds from the window's load event. Please make sure it has an appropriate `as` value and it is preloaded intentionally. @ https://discord.com/login?redirect_to=%2Fdevelopers%2Fapplications:0
[  155327ms] [ERROR] %c[KeybindsStore] 
font-weight: bold;
color: purple;
 [kb store] KeybindStore: Looking for callback action TOGGLE_OVERLAY_INPUT_LOCK but it doesn't exist in this version. Skipping @ https://discord.com/assets/sentry.fc57a4e891f34e3b.js:13
[  155328ms] [ERROR] %c[KeybindsStore] 
font-weight: bold;
color: purple;
 [kb store] KeybindStore: Looking for callback action SOUNDBOARD_HOLD but it doesn't exist in this version. Skipping @ https://discord.com/assets/sentry.fc57a4e891f34e3b.js:13
[  155328ms] [ERROR] %c[KeybindsStore] 
font-weight: bold;
color: purple;
 [kb store] KeybindStore: Looking for callback action SAVE_CLIP but it doesn't exist in this version. Skipping @ https://discord.com/assets/sentry.fc57a4e891f34e3b.js:13
[  155328ms] [ERROR] %c[KeybindsStore] 
font-weight: bold;
color: purple;
 [kb store] KeybindStore: Looking for callback action SAVE_SCREENSHOT but it doesn't exist in this version. Skipping @ https://discord.com/assets/sentry.fc57a4e891f34e3b.js:13
[  156088ms] [ERROR] Failed to load resource: the server responded with a status of 404 () @ https://discord.com/api/v9/users/@me/identity/verification:0
[  221387ms] [ERROR] Failed to load resource: the server responded with a status of 400 () @ https://discord.com/api/v9/applications:0
[  267082ms] [ERROR] Failed to load resource: the server responded with a status of 404 () @ https://discord.com/api/v9/applications/1471116946186698825/store-layout:0
[  523013ms] [ERROR] Failed to load resource: the server responded with a status of 401 () @ https://discord.com/api/v9/applications/1471116946186698825/bot/reset:0
