[    2309ms] [WARNING] Cannot read properties of null (reading 'expires') @ https://static1.tuyaus.com/static/developer-community/_next/static/chunks/sentry-c1d32c666d57c7753761.js:0
[    2337ms] [ERROR] Failed to load resource: the server responded with a status of 401 () @ https://developer.tuya.com/api/user/session?curQueryLang=en:0
[    6076ms] [WARNING] Cannot read properties of null (reading 'expires') @ https://static1.tuyaus.com/static/auth/_next/static/runtime/main-6f0ca7737a5e7c6de5fc.js:0
[  126067ms] [WARNING] Cannot read properties of null (reading 'expires') @ https://static1.tuyaus.com/static/th-lib/trust-sdk/trust.js?key=2f45511a-798e-4d34-ad6d-6bf891bd0c8a&appId=iss&theme=0055ff&lang=en:3
[  126562ms] [ERROR] Refused to get unsafe header "x-fast-id" @ https://static1.tuyaus.com/static/iot-base/static/js/main.f153413d.js:0
[  126562ms] [ERROR] Refused to get unsafe header "x-b3-traceid" @ https://static1.tuyaus.com/static/iot-base/static/js/main.f153413d.js:0
[  126723ms] [WARNING] An iframe which has both allow-scripts and allow-same-origin for its sandbox attribute can escape its sandboxing. @ https://platform.tuya.com/_channel:0
[  126785ms] [ERROR] Refused to get unsafe header "x-fast-id" @ https://static1.tuyaus.com/static/iot-base/static/js/main.f153413d.js:0
[  126785ms] [ERROR] Refused to get unsafe header "x-b3-traceid" @ https://static1.tuyaus.com/static/iot-base/static/js/main.f153413d.js:0
[  127251ms] [WARNING] custom element name:  lc-/aicard/promptgenerator  is invalid @ https://static1.tuyaus.com/static/iot-base/static/js/vendors-866ab763.9eb6f916.js:0
[  127251ms] [WARNING] custom element name:  lowcode-lc-/aicard/promptgenerator  is invalid @ https://static1.tuyaus.com/static/iot-base/static/js/vendors-866ab763.9eb6f916.js:0
[  127252ms] [WARNING] custom element name:  lowcode-lc-/aicard/promptgenerator  is invalid @ https://static1.tuyaus.com/static/iot-base/static/js/vendors-866ab763.9eb6f916.js:0
[  127252ms] [WARNING] custom element name:  lc-/aicard/productcreateguide  is invalid @ https://static1.tuyaus.com/static/iot-base/static/js/vendors-866ab763.9eb6f916.js:0
[  127252ms] [WARNING] custom element name:  lowcode-lc-/aicard/productcreateguide  is invalid @ https://static1.tuyaus.com/static/iot-base/static/js/vendors-866ab763.9eb6f916.js:0
[  127252ms] [WARNING] custom element name:  lowcode-lc-/aicard/productcreateguide  is invalid @ https://static1.tuyaus.com/static/iot-base/static/js/vendors-866ab763.9eb6f916.js:0
[  127252ms] [WARNING] custom element name:  lc-/aicard/authorization  is invalid @ https://static1.tuyaus.com/static/iot-base/static/js/vendors-866ab763.9eb6f916.js:0
[  127252ms] [WARNING] custom element name:  lowcode-lc-/aicard/authorization  is invalid @ https://static1.tuyaus.com/static/iot-base/static/js/vendors-866ab763.9eb6f916.js:0
[  127252ms] [WARNING] custom element name:  lowcode-lc-/aicard/authorization  is invalid @ https://static1.tuyaus.com/static/iot-base/static/js/vendors-866ab763.9eb6f916.js:0
[  127252ms] [WARNING] custom element name:  lc-/aicard/voicecreate  is invalid @ https://static1.tuyaus.com/static/iot-base/static/js/vendors-866ab763.9eb6f916.js:0
[  127252ms] [WARNING] custom element name:  lowcode-lc-/aicard/voicecreate  is invalid @ https://static1.tuyaus.com/static/iot-base/static/js/vendors-866ab763.9eb6f916.js:0
[  127252ms] [WARNING] custom element name:  lowcode-lc-/aicard/voicecreate  is invalid @ https://static1.tuyaus.com/static/iot-base/static/js/vendors-866ab763.9eb6f916.js:0
[  127252ms] [WARNING] custom element name:  lc-/aicard/productrecommend  is invalid @ https://static1.tuyaus.com/static/iot-base/static/js/vendors-866ab763.9eb6f916.js:0
[  127252ms] [WARNING] custom element name:  lowcode-lc-/aicard/productrecommend  is invalid @ https://static1.tuyaus.com/static/iot-base/static/js/vendors-866ab763.9eb6f916.js:0
[  127252ms] [WARNING] custom element name:  lowcode-lc-/aicard/productrecommend  is invalid @ https://static1.tuyaus.com/static/iot-base/static/js/vendors-866ab763.9eb6f916.js:0
[  127252ms] [WARNING] custom element name:  lc-/aicard/clouddevelopapiparamsrecommend  is invalid @ https://static1.tuyaus.com/static/iot-base/static/js/vendors-866ab763.9eb6f916.js:0
[  127252ms] [WARNING] custom element name:  lowcode-lc-/aicard/clouddevelopapiparamsrecommend  is invalid @ https://static1.tuyaus.com/static/iot-base/static/js/vendors-866ab763.9eb6f916.js:0
[  127252ms] [WARNING] custom element name:  lowcode-lc-/aicard/clouddevelopapiparamsrecommend  is invalid @ https://static1.tuyaus.com/static/iot-base/static/js/vendors-866ab763.9eb6f916.js:0
[  127252ms] [WARNING] custom element name:  lc-/aicard/questionsuggestion  is invalid @ https://static1.tuyaus.com/static/iot-base/static/js/vendors-866ab763.9eb6f916.js:0
[  127252ms] [WARNING] custom element name:  lowcode-lc-/aicard/questionsuggestion  is invalid @ https://static1.tuyaus.com/static/iot-base/static/js/vendors-866ab763.9eb6f916.js:0
[  127252ms] [WARNING] custom element name:  lowcode-lc-/aicard/questionsuggestion  is invalid @ https://static1.tuyaus.com/static/iot-base/static/js/vendors-866ab763.9eb6f916.js:0
[  127252ms] [WARNING] custom element name:  lc-/aicard/voiceabilityrecommend  is invalid @ https://static1.tuyaus.com/static/iot-base/static/js/vendors-866ab763.9eb6f916.js:0
[  127253ms] [WARNING] custom element name:  lowcode-lc-/aicard/voiceabilityrecommend  is invalid @ https://static1.tuyaus.com/static/iot-base/static/js/vendors-866ab763.9eb6f916.js:0
[  127253ms] [WARNING] custom element name:  lowcode-lc-/aicard/voiceabilityrecommend  is invalid @ https://static1.tuyaus.com/static/iot-base/static/js/vendors-866ab763.9eb6f916.js:0
[  127253ms] [WARNING] custom element name:  lc-/aicard/manualcreateguide  is invalid @ https://static1.tuyaus.com/static/iot-base/static/js/vendors-866ab763.9eb6f916.js:0
[  127253ms] [WARNING] custom element name:  lowcode-lc-/aicard/manualcreateguide  is invalid @ https://static1.tuyaus.com/static/iot-base/static/js/vendors-866ab763.9eb6f916.js:0
[  127253ms] [WARNING] custom element name:  lowcode-lc-/aicard/manualcreateguide  is invalid @ https://static1.tuyaus.com/static/iot-base/static/js/vendors-866ab763.9eb6f916.js:0
[  127253ms] [WARNING] custom element name:  lc-/aicard/manualcreateguidebypaper  is invalid @ https://static1.tuyaus.com/static/iot-base/static/js/vendors-866ab763.9eb6f916.js:0
[  127253ms] [WARNING] custom element name:  lowcode-lc-/aicard/manualcreateguidebypaper  is invalid @ https://static1.tuyaus.com/static/iot-base/static/js/vendors-866ab763.9eb6f916.js:0
[  127253ms] [WARNING] custom element name:  lowcode-lc-/aicard/manualcreateguidebypaper  is invalid @ https://static1.tuyaus.com/static/iot-base/static/js/vendors-866ab763.9eb6f916.js:0
[  127253ms] [WARNING] custom element name:  lc-/aicard/text2imageagent  is invalid @ https://static1.tuyaus.com/static/iot-base/static/js/vendors-866ab763.9eb6f916.js:0
[  127253ms] [WARNING] custom element name:  lowcode-lc-/aicard/text2imageagent  is invalid @ https://static1.tuyaus.com/static/iot-base/static/js/vendors-866ab763.9eb6f916.js:0
[  127253ms] [WARNING] custom element name:  lowcode-lc-/aicard/text2imageagent  is invalid @ https://static1.tuyaus.com/static/iot-base/static/js/vendors-866ab763.9eb6f916.js:0
[  127253ms] [WARNING] custom element name:  lc-/aicard/createtext2imageagent  is invalid @ https://static1.tuyaus.com/static/iot-base/static/js/vendors-866ab763.9eb6f916.js:0
[  127253ms] [WARNING] custom element name:  lowcode-lc-/aicard/createtext2imageagent  is invalid @ https://static1.tuyaus.com/static/iot-base/static/js/vendors-866ab763.9eb6f916.js:0
[  127253ms] [WARNING] custom element name:  lowcode-lc-/aicard/createtext2imageagent  is invalid @ https://static1.tuyaus.com/static/iot-base/static/js/vendors-866ab763.9eb6f916.js:0
[  127253ms] [WARNING] custom element name:  lc-/aicard/checkmatchnet  is invalid @ https://static1.tuyaus.com/static/iot-base/static/js/vendors-866ab763.9eb6f916.js:0
[  127253ms] [WARNING] custom element name:  lowcode-lc-/aicard/checkmatchnet  is invalid @ https://static1.tuyaus.com/static/iot-base/static/js/vendors-866ab763.9eb6f916.js:0
[  127253ms] [WARNING] custom element name:  lowcode-lc-/aicard/checkmatchnet  is invalid @ https://static1.tuyaus.com/static/iot-base/static/js/vendors-866ab763.9eb6f916.js:0
[  127253ms] [WARNING] custom element name:  lc-/aicard/dpdescgenerateresult  is invalid @ https://static1.tuyaus.com/static/iot-base/static/js/vendors-866ab763.9eb6f916.js:0
[  127253ms] [WARNING] custom element name:  lowcode-lc-/aicard/dpdescgenerateresult  is invalid @ https://static1.tuyaus.com/static/iot-base/static/js/vendors-866ab763.9eb6f916.js:0
[  127253ms] [WARNING] custom element name:  lowcode-lc-/aicard/dpdescgenerateresult  is invalid @ https://static1.tuyaus.com/static/iot-base/static/js/vendors-866ab763.9eb6f916.js:0
[  133257ms] [WARNING] custom element name:  lowcode-lc-/aicard/promptgenerator  is invalid @ https://static1.tuyaus.com/static/iot-base/static/js/vendors-866ab763.9eb6f916.js:0
[  133257ms] [WARNING] custom element name:  lowcode-lc-/aicard/productcreateguide  is invalid @ https://static1.tuyaus.com/static/iot-base/static/js/vendors-866ab763.9eb6f916.js:0
[  133257ms] [WARNING] custom element name:  lowcode-lc-/aicard/authorization  is invalid @ https://static1.tuyaus.com/static/iot-base/static/js/vendors-866ab763.9eb6f916.js:0
[  133257ms] [WARNING] custom element name:  lowcode-lc-/aicard/voicecreate  is invalid @ https://static1.tuyaus.com/static/iot-base/static/js/vendors-866ab763.9eb6f916.js:0
[  133257ms] [WARNING] custom element name:  lowcode-lc-/aicard/productrecommend  is invalid @ https://static1.tuyaus.com/static/iot-base/static/js/vendors-866ab763.9eb6f916.js:0
[  133257ms] [WARNING] custom element name:  lowcode-lc-/aicard/clouddevelopapiparamsrecommend  is invalid @ https://static1.tuyaus.com/static/iot-base/static/js/vendors-866ab763.9eb6f916.js:0
[  133257ms] [WARNING] custom element name:  lowcode-lc-/aicard/questionsuggestion  is invalid @ https://static1.tuyaus.com/static/iot-base/static/js/vendors-866ab763.9eb6f916.js:0
[  133257ms] [WARNING] custom element name:  lowcode-lc-/aicard/voiceabilityrecommend  is invalid @ https://static1.tuyaus.com/static/iot-base/static/js/vendors-866ab763.9eb6f916.js:0
[  133258ms] [WARNING] custom element name:  lowcode-lc-/aicard/manualcreateguide  is invalid @ https://static1.tuyaus.com/static/iot-base/static/js/vendors-866ab763.9eb6f916.js:0
[  133258ms] [WARNING] custom element name:  lowcode-lc-/aicard/manualcreateguidebypaper  is invalid @ https://static1.tuyaus.com/static/iot-base/static/js/vendors-866ab763.9eb6f916.js:0
[  133258ms] [WARNING] custom element name:  lowcode-lc-/aicard/text2imageagent  is invalid @ https://static1.tuyaus.com/static/iot-base/static/js/vendors-866ab763.9eb6f916.js:0
[  133258ms] [WARNING] custom element name:  lowcode-lc-/aicard/createtext2imageagent  is invalid @ https://static1.tuyaus.com/static/iot-base/static/js/vendors-866ab763.9eb6f916.js:0
[  133258ms] [WARNING] custom element name:  lowcode-lc-/aicard/checkmatchnet  is invalid @ https://static1.tuyaus.com/static/iot-base/static/js/vendors-866ab763.9eb6f916.js:0
[  133258ms] [WARNING] custom element name:  lowcode-lc-/aicard/dpdescgenerateresult  is invalid @ https://static1.tuyaus.com/static/iot-base/static/js/vendors-866ab763.9eb6f916.js:0
[  133378ms] [WARNING] custom element name:  lowcode-lc-/aicard/promptgenerator  is invalid @ https://static1.tuyaus.com/static/iot-base/static/js/vendors-866ab763.9eb6f916.js:0
[  133378ms] [WARNING] custom element name:  lowcode-lc-/aicard/productcreateguide  is invalid @ https://static1.tuyaus.com/static/iot-base/static/js/vendors-866ab763.9eb6f916.js:0
[  133378ms] [WARNING] custom element name:  lowcode-lc-/aicard/authorization  is invalid @ https://static1.tuyaus.com/static/iot-base/static/js/vendors-866ab763.9eb6f916.js:0
[  133378ms] [WARNING] custom element name:  lowcode-lc-/aicard/voicecreate  is invalid @ https://static1.tuyaus.com/static/iot-base/static/js/vendors-866ab763.9eb6f916.js:0
[  133378ms] [WARNING] custom element name:  lowcode-lc-/aicard/productrecommend  is invalid @ https://static1.tuyaus.com/static/iot-base/static/js/vendors-866ab763.9eb6f916.js:0
[  133378ms] [WARNING] custom element name:  lowcode-lc-/aicard/clouddevelopapiparamsrecommend  is invalid @ https://static1.tuyaus.com/static/iot-base/static/js/vendors-866ab763.9eb6f916.js:0
[  133378ms] [WARNING] custom element name:  lowcode-lc-/aicard/questionsuggestion  is invalid @ https://static1.tuyaus.com/static/iot-base/static/js/vendors-866ab763.9eb6f916.js:0
[  133379ms] [WARNING] custom element name:  lowcode-lc-/aicard/voiceabilityrecommend  is invalid @ https://static1.tuyaus.com/static/iot-base/static/js/vendors-866ab763.9eb6f916.js:0
[  133379ms] [WARNING] custom element name:  lowcode-lc-/aicard/manualcreateguide  is invalid @ https://static1.tuyaus.com/static/iot-base/static/js/vendors-866ab763.9eb6f916.js:0
[  133379ms] [WARNING] custom element name:  lowcode-lc-/aicard/manualcreateguidebypaper  is invalid @ https://static1.tuyaus.com/static/iot-base/static/js/vendors-866ab763.9eb6f916.js:0
[  133379ms] [WARNING] custom element name:  lowcode-lc-/aicard/text2imageagent  is invalid @ https://static1.tuyaus.com/static/iot-base/static/js/vendors-866ab763.9eb6f916.js:0
[  133379ms] [WARNING] custom element name:  lowcode-lc-/aicard/createtext2imageagent  is invalid @ https://static1.tuyaus.com/static/iot-base/static/js/vendors-866ab763.9eb6f916.js:0
[  133379ms] [WARNING] custom element name:  lowcode-lc-/aicard/checkmatchnet  is invalid @ https://static1.tuyaus.com/static/iot-base/static/js/vendors-866ab763.9eb6f916.js:0
[  133379ms] [WARNING] custom element name:  lowcode-lc-/aicard/dpdescgenerateresult  is invalid @ https://static1.tuyaus.com/static/iot-base/static/js/vendors-866ab763.9eb6f916.js:0
[  133610ms] [WARNING] custom element name:  lowcode-lc-/aicard/promptgenerator  is invalid @ https://static1.tuyaus.com/static/iot-base/static/js/vendors-866ab763.9eb6f916.js:0
[  133611ms] [WARNING] custom element name:  lowcode-lc-/aicard/productcreateguide  is invalid @ https://static1.tuyaus.com/static/iot-base/static/js/vendors-866ab763.9eb6f916.js:0
[  133611ms] [WARNING] custom element name:  lowcode-lc-/aicard/authorization  is invalid @ https://static1.tuyaus.com/static/iot-base/static/js/vendors-866ab763.9eb6f916.js:0
[  133611ms] [WARNING] custom element name:  lowcode-lc-/aicard/voicecreate  is invalid @ https://static1.tuyaus.com/static/iot-base/static/js/vendors-866ab763.9eb6f916.js:0
[  133611ms] [WARNING] custom element name:  lowcode-lc-/aicard/productrecommend  is invalid @ https://static1.tuyaus.com/static/iot-base/static/js/vendors-866ab763.9eb6f916.js:0
[  133611ms] [WARNING] custom element name:  lowcode-lc-/aicard/clouddevelopapiparamsrecommend  is invalid @ https://static1.tuyaus.com/static/iot-base/static/js/vendors-866ab763.9eb6f916.js:0
[  133611ms] [WARNING] custom element name:  lowcode-lc-/aicard/questionsuggestion  is invalid @ https://static1.tuyaus.com/static/iot-base/static/js/vendors-866ab763.9eb6f916.js:0
[  133611ms] [WARNING] custom element name:  lowcode-lc-/aicard/voiceabilityrecommend  is invalid @ https://static1.tuyaus.com/static/iot-base/static/js/vendors-866ab763.9eb6f916.js:0
[  133611ms] [WARNING] custom element name:  lowcode-lc-/aicard/manualcreateguide  is invalid @ https://static1.tuyaus.com/static/iot-base/static/js/vendors-866ab763.9eb6f916.js:0
[  133611ms] [WARNING] custom element name:  lowcode-lc-/aicard/manualcreateguidebypaper  is invalid @ https://static1.tuyaus.com/static/iot-base/static/js/vendors-866ab763.9eb6f916.js:0
[  133611ms] [WARNING] custom element name:  lowcode-lc-/aicard/text2imageagent  is invalid @ https://static1.tuyaus.com/static/iot-base/static/js/vendors-866ab763.9eb6f916.js:0
[  133611ms] [WARNING] custom element name:  lowcode-lc-/aicard/createtext2imageagent  is invalid @ https://static1.tuyaus.com/static/iot-base/static/js/vendors-866ab763.9eb6f916.js:0
[  133611ms] [WARNING] custom element name:  lowcode-lc-/aicard/checkmatchnet  is invalid @ https://static1.tuyaus.com/static/iot-base/static/js/vendors-866ab763.9eb6f916.js:0
[  133611ms] [WARNING] custom element name:  lowcode-lc-/aicard/dpdescgenerateresult  is invalid @ https://static1.tuyaus.com/static/iot-base/static/js/vendors-866ab763.9eb6f916.js:0
[  133843ms] [WARNING] custom element name:  lowcode-lc-/aicard/promptgenerator  is invalid @ https://static1.tuyaus.com/static/iot-base/static/js/vendors-866ab763.9eb6f916.js:0
[  133843ms] [WARNING] custom element name:  lowcode-lc-/aicard/productcreateguide  is invalid @ https://static1.tuyaus.com/static/iot-base/static/js/vendors-866ab763.9eb6f916.js:0
[  133843ms] [WARNING] custom element name:  lowcode-lc-/aicard/authorization  is invalid @ https://static1.tuyaus.com/static/iot-base/static/js/vendors-866ab763.9eb6f916.js:0
[  133843ms] [WARNING] custom element name:  lowcode-lc-/aicard/voicecreate  is invalid @ https://static1.tuyaus.com/static/iot-base/static/js/vendors-866ab763.9eb6f916.js:0
[  133843ms] [WARNING] custom element name:  lowcode-lc-/aicard/productrecommend  is invalid @ https://static1.tuyaus.com/static/iot-base/static/js/vendors-866ab763.9eb6f916.js:0
[  133843ms] [WARNING] custom element name:  lowcode-lc-/aicard/clouddevelopapiparamsrecommend  is invalid @ https://static1.tuyaus.com/static/iot-base/static/js/vendors-866ab763.9eb6f916.js:0
[  133843ms] [WARNING] custom element name:  lowcode-lc-/aicard/questionsuggestion  is invalid @ https://static1.tuyaus.com/static/iot-base/static/js/vendors-866ab763.9eb6f916.js:0
[  133843ms] [WARNING] custom element name:  lowcode-lc-/aicard/voiceabilityrecommend  is invalid @ https://static1.tuyaus.com/static/iot-base/static/js/vendors-866ab763.9eb6f916.js:0
[  133843ms] [WARNING] custom element name:  lowcode-lc-/aicard/manualcreateguide  is invalid @ https://static1.tuyaus.com/static/iot-base/static/js/vendors-866ab763.9eb6f916.js:0
[  133843ms] [WARNING] custom element name:  lowcode-lc-/aicard/manualcreateguidebypaper  is invalid @ https://static1.tuyaus.com/static/iot-base/static/js/vendors-866ab763.9eb6f916.js:0
[  133843ms] [WARNING] custom element name:  lowcode-lc-/aicard/text2imageagent  is invalid @ https://static1.tuyaus.com/static/iot-base/static/js/vendors-866ab763.9eb6f916.js:0
[  133843ms] [WARNING] custom element name:  lowcode-lc-/aicard/createtext2imageagent  is invalid @ https://static1.tuyaus.com/static/iot-base/static/js/vendors-866ab763.9eb6f916.js:0
[  133843ms] [WARNING] custom element name:  lowcode-lc-/aicard/checkmatchnet  is invalid @ https://static1.tuyaus.com/static/iot-base/static/js/vendors-866ab763.9eb6f916.js:0
[  133843ms] [WARNING] custom element name:  lowcode-lc-/aicard/dpdescgenerateresult  is invalid @ https://static1.tuyaus.com/static/iot-base/static/js/vendors-866ab763.9eb6f916.js:0
[  134044ms] [WARNING] custom element name:  lowcode-lc-/aicard/promptgenerator  is invalid @ https://static1.tuyaus.com/static/iot-base/static/js/vendors-866ab763.9eb6f916.js:0
[  134044ms] [WARNING] custom element name:  lowcode-lc-/aicard/productcreateguide  is invalid @ https://static1.tuyaus.com/static/iot-base/static/js/vendors-866ab763.9eb6f916.js:0
[  134044ms] [WARNING] custom element name:  lowcode-lc-/aicard/authorization  is invalid @ https://static1.tuyaus.com/static/iot-base/static/js/vendors-866ab763.9eb6f916.js:0
[  134044ms] [WARNING] custom element name:  lowcode-lc-/aicard/voicecreate  is invalid @ https://static1.tuyaus.com/static/iot-base/static/js/vendors-866ab763.9eb6f916.js:0
[  134044ms] [WARNING] custom element name:  lowcode-lc-/aicard/productrecommend  is invalid @ https://static1.tuyaus.com/static/iot-base/static/js/vendors-866ab763.9eb6f916.js:0
[  134044ms] [WARNING] custom element name:  lowcode-lc-/aicard/clouddevelopapiparamsrecommend  is invalid @ https://static1.tuyaus.com/static/iot-base/static/js/vendors-866ab763.9eb6f916.js:0
[  134044ms] [WARNING] custom element name:  lowcode-lc-/aicard/questionsuggestion  is invalid @ https://static1.tuyaus.com/static/iot-base/static/js/vendors-866ab763.9eb6f916.js:0
[  134044ms] [WARNING] custom element name:  lowcode-lc-/aicard/voiceabilityrecommend  is invalid @ https://static1.tuyaus.com/static/iot-base/static/js/vendors-866ab763.9eb6f916.js:0
[  134044ms] [WARNING] custom element name:  lowcode-lc-/aicard/manualcreateguide  is invalid @ https://static1.tuyaus.com/static/iot-base/static/js/vendors-866ab763.9eb6f916.js:0
[  134044ms] [WARNING] custom element name:  lowcode-lc-/aicard/manualcreateguidebypaper  is invalid @ https://static1.tuyaus.com/static/iot-base/static/js/vendors-866ab763.9eb6f916.js:0
[  134044ms] [WARNING] custom element name:  lowcode-lc-/aicard/text2imageagent  is invalid @ https://static1.tuyaus.com/static/iot-base/static/js/vendors-866ab763.9eb6f916.js:0
[  134044ms] [WARNING] custom element name:  lowcode-lc-/aicard/createtext2imageagent  is invalid @ https://static1.tuyaus.com/static/iot-base/static/js/vendors-866ab763.9eb6f916.js:0
[  134044ms] [WARNING] custom element name:  lowcode-lc-/aicard/checkmatchnet  is invalid @ https://static1.tuyaus.com/static/iot-base/static/js/vendors-866ab763.9eb6f916.js:0
[  134044ms] [WARNING] custom element name:  lowcode-lc-/aicard/dpdescgenerateresult  is invalid @ https://static1.tuyaus.com/static/iot-base/static/js/vendors-866ab763.9eb6f916.js:0
[  212170ms] [WARNING] Element to highlight .ant-menu > li:nth-child(1) not found @ https://static1.tuyaus.com/static/developer-platform/_next/static/chunks/3769.f167196f21ef31cab973.js:3
[  212170ms] [WARNING] Element to highlight .ant-menu > li:nth-child(2) not found @ https://static1.tuyaus.com/static/developer-platform/_next/static/chunks/3769.f167196f21ef31cab973.js:3
[  212170ms] [WARNING] Element to highlight .ant-menu > li:nth-child(3) not found @ https://static1.tuyaus.com/static/developer-platform/_next/static/chunks/3769.f167196f21ef31cab973.js:3
[  212170ms] [WARNING] Element to highlight .ant-menu > li:nth-child(5) not found @ https://static1.tuyaus.com/static/developer-platform/_next/static/chunks/3769.f167196f21ef31cab973.js:3
[  212170ms] [WARNING] Element to highlight .g-iot-help-entry not found @ https://static1.tuyaus.com/static/developer-platform/_next/static/chunks/3769.f167196f21ef31cab973.js:3
