[    2460ms] [WARNING] Feb-11 13:28:42.410 TRACES You tried to get a team-specific tracer but didn’t provide enough context and are getting the generic tracer instead which is likely not what you want. @ https://a.slack-edge.com/bv1-13-br/modern.vendor.a09d5d1dc1c9dbd14c9b.min.js:384
[    2461ms] [WARNING] Feb-11 13:28:42.412 TRACES You tried to get a team-specific tracer but didn’t provide enough context and are getting the generic tracer instead which is likely not what you want. @ https://a.slack-edge.com/bv1-13-br/modern.vendor.a09d5d1dc1c9dbd14c9b.min.js:384
[    2488ms] [WARNING] Error in Optanon wrapper, please review your code. TypeError: Cannot read properties of undefined (reading 'analytics') @ https://cdn.cookielaw.org/scripttemplates/202402.1.0/otBannerSdk.js:6
[    2747ms] [WARNING] Feb-11 13:28:42.697 TRACES You tried to get a team-specific tracer but didn’t provide enough context and are getting the generic tracer instead which is likely not what you want. @ https://a.slack-edge.com/bv1-13-br/modern.vendor.a09d5d1dc1c9dbd14c9b.min.js:384
[    2747ms] [WARNING] Feb-11 13:28:42.698 TRACES You tried to get a team-specific tracer but didn’t provide enough context and are getting the generic tracer instead which is likely not what you want. @ https://a.slack-edge.com/bv1-13-br/modern.vendor.a09d5d1dc1c9dbd14c9b.min.js:384
[    2783ms] [WARNING] Feb-11 13:28:42.733 TRACES You tried to get a team-specific tracer but didn’t provide enough context and are getting the generic tracer instead which is likely not what you want. @ https://a.slack-edge.com/bv1-13-br/modern.vendor.a09d5d1dc1c9dbd14c9b.min.js:384
[    2783ms] [WARNING] Feb-11 13:28:42.734 TRACES You tried to get a team-specific tracer but didn’t provide enough context and are getting the generic tracer instead which is likely not what you want. @ https://a.slack-edge.com/bv1-13-br/modern.vendor.a09d5d1dc1c9dbd14c9b.min.js:384
[    2817ms] [ERROR] Failed to load resource: the server responded with a status of 451 () @ https://id.rlcdn.com/464526.gif:0
[   34496ms] [ERROR] Access to XMLHttpRequest at 'https://slack.com/clog/track/' from origin 'https://procaai.slack.com' has been blocked by CORS policy: No 'Access-Control-Allow-Origin' header is present on the requested resource. @ https://procaai.slack.com/oauth?client_id=8594350048855.10484797454757&scope=chat%3Awrite%2Cchannels%3Ahistory%2Capp_mentions%3Aread%2Cim%3Ahistory%2Cim%3Awrite&user_scope=&redirect_uri=&state=&granular_bot_scope=1&single_channel=0&install_redirect=install-on-team&tracked=1&user_default=0&team=1:0
[   34497ms] [ERROR] Failed to load resource: net::ERR_FAILED @ https://slack.com/clog/track/:0
[   94246ms] [ERROR] Access to XMLHttpRequest at 'https://slack.com/clog/track/' from origin 'https://procaai.slack.com' has been blocked by CORS policy: No 'Access-Control-Allow-Origin' header is present on the requested resource. @ https://procaai.slack.com/oauth?client_id=8594350048855.10484797454757&scope=chat%3Awrite%2Cchannels%3Ahistory%2Capp_mentions%3Aread%2Cim%3Ahistory%2Cim%3Awrite&user_scope=&redirect_uri=&state=&granular_bot_scope=1&single_channel=0&install_redirect=install-on-team&tracked=1&user_default=0&team=1:0
[   94247ms] [ERROR] Failed to load resource: net::ERR_FAILED @ https://slack.com/clog/track/:0
[   97751ms] [WARNING] Error in Optanon wrapper, please review your code. TypeError: Cannot read properties of undefined (reading 'analytics') @ https://cdn.cookielaw.org/scripttemplates/202402.1.0/otBannerSdk.js:6
[   97926ms] [WARNING] Feb-11 13:30:17.876 Couldn't complete metrics measurement for start mark 'navigationStart' @ https://a.slack-edge.com/bv1-13-br/modern.vendor.a09d5d1dc1c9dbd14c9b.min.js:384
[   97969ms] [WARNING] Feb-11 13:30:17.920 TRACES You tried to get a team-specific tracer but didn’t provide enough context and are getting the generic tracer instead which is likely not what you want. @ https://a.slack-edge.com/bv1-13-br/modern.vendor.a09d5d1dc1c9dbd14c9b.min.js:384
[   97970ms] [WARNING] Feb-11 13:30:17.921 TRACES You tried to get a team-specific tracer but didn’t provide enough context and are getting the generic tracer instead which is likely not what you want. @ https://a.slack-edge.com/bv1-13-br/modern.vendor.a09d5d1dc1c9dbd14c9b.min.js:384
[   97971ms] [WARNING] Feb-11 13:30:17.922 TRACES You tried to get a team-specific tracer but didn’t provide enough context and are getting the generic tracer instead which is likely not what you want. @ https://a.slack-edge.com/bv1-13-br/modern.vendor.a09d5d1dc1c9dbd14c9b.min.js:384
[   97972ms] [WARNING] Feb-11 13:30:17.922 TRACES You tried to get a team-specific tracer but didn’t provide enough context and are getting the generic tracer instead which is likely not what you want. @ https://a.slack-edge.com/bv1-13-br/modern.vendor.a09d5d1dc1c9dbd14c9b.min.js:384
[   98144ms] [WARNING] Feb-11 13:30:18.094 TRACES You tried to get a team-specific tracer but didn’t provide enough context and are getting the generic tracer instead which is likely not what you want. @ https://a.slack-edge.com/bv1-13-br/modern.vendor.a09d5d1dc1c9dbd14c9b.min.js:384
[   98144ms] [WARNING] Feb-11 13:30:18.095 TRACES You tried to get a team-specific tracer but didn’t provide enough context and are getting the generic tracer instead which is likely not what you want. @ https://a.slack-edge.com/bv1-13-br/modern.vendor.a09d5d1dc1c9dbd14c9b.min.js:384
[   98293ms] [ERROR] Access to XMLHttpRequest at 'https://ibc-flow.techtarget.com/a/gif.gif?actTypeId=31&cid=17821466&r=1770813017925&ref=https%3A%2F%2Fapi.slack.com%2Fapps%2FA0AE8PFDCN9%2Finstall-on-team%3Fsuccess%3D1&version=2.4' from origin 'https://api.slack.com' has been blocked by CORS policy: No 'Access-Control-Allow-Origin' header is present on the requested resource. @ https://api.slack.com/apps/A0AE8PFDCN9/install-on-team?success=1:0
[   98294ms] [ERROR] Failed to load resource: net::ERR_FAILED @ https://ibc-flow.techtarget.com/a/gif.gif?actTypeId=31&cid=17821466&r=1770813017925&ref=https%3A%2F%2Fapi.slack.com%2Fapps%2FA0AE8PFDCN9%2Finstall-on-team%3Fsuccess%3D1&version=2.4:0
