[    2432ms] [WARNING] Feb-11 13:21:36.885 (T00000000) Clogger context could not be determined, using empty context @ https://a.slack-edge.com/bv1-13-br/modern.vendor.a09d5d1dc1c9dbd14c9b.min.js:384
[    2452ms] [WARNING] Error in Optanon wrapper, please review your code. ReferenceError: loadGTM is not defined @ https://cdn.cookielaw.org/scripttemplates/202402.1.0/otBannerSdk.js:6
[    2457ms] [WARNING] Feb-11 13:21:36.914 TELEMETRY You tried to get a team-specific telemeter but didn’t provide enough context and are getting the generic telemeter instead which is likely not what you want. @ https://a.slack-edge.com/bv1-13-br/modern.vendor.a09d5d1dc1c9dbd14c9b.min.js:384
[    2625ms] [ERROR] Feb-11 13:21:37.082 Cannot mount app manifest coachmark @ https://a.slack-edge.com/bv1-13-br/modern.vendor.a09d5d1dc1c9dbd14c9b.min.js:384
[    2625ms] [ERROR] Feb-11 13:21:37.083 Cannot mount ai apps coachmark @ https://a.slack-edge.com/bv1-13-br/modern.vendor.a09d5d1dc1c9dbd14c9b.min.js:384
[    2633ms] [WARNING] Feb-11 13:21:37.090 TELEMETRY You tried to get a team-specific telemeter but didn’t provide enough context and are getting the generic telemeter instead which is likely not what you want. @ https://a.slack-edge.com/bv1-13-br/modern.vendor.a09d5d1dc1c9dbd14c9b.min.js:384
[    2638ms] [WARNING] Feb-11 13:21:37.095 TELEMETRY You tried to get a team-specific telemeter but didn’t provide enough context and are getting the generic telemeter instead which is likely not what you want. @ https://a.slack-edge.com/bv1-13-br/modern.vendor.a09d5d1dc1c9dbd14c9b.min.js:384
[    8313ms] [WARNING] Feb-11 13:21:42.769 TELEMETRY You tried to get a team-specific telemeter but didn’t provide enough context and are getting the generic telemeter instead which is likely not what you want. @ https://a.slack-edge.com/bv1-13-br/get-started.02c9de2220fc46f86921.primer.min.js:57
[    8315ms] [WARNING] Feb-11 13:21:42.773 TELEMETRY You tried to get a team-specific telemeter but didn’t provide enough context and are getting the generic telemeter instead which is likely not what you want. @ https://a.slack-edge.com/bv1-13-br/get-started.02c9de2220fc46f86921.primer.min.js:57
[    8351ms] [WARNING] Feb-11 13:21:42.808 TRACES You tried to get a team-specific tracer but didn’t provide enough context and are getting the generic tracer instead which is likely not what you want. @ https://a.slack-edge.com/bv1-13-br/get-started.02c9de2220fc46f86921.primer.min.js:57
[    8352ms] [WARNING] Feb-11 13:21:42.809 TRACES You tried to get a team-specific tracer but didn’t provide enough context and are getting the generic tracer instead which is likely not what you want. @ https://a.slack-edge.com/bv1-13-br/get-started.02c9de2220fc46f86921.primer.min.js:57
[    8576ms] [WARNING] Feb-11 13:21:43.034 TRACES You tried to get a team-specific tracer but didn’t provide enough context and are getting the generic tracer instead which is likely not what you want. @ https://a.slack-edge.com/bv1-13-br/get-started.02c9de2220fc46f86921.primer.min.js:57
[    8577ms] [WARNING] Feb-11 13:21:43.034 TRACES You tried to get a team-specific tracer but didn’t provide enough context and are getting the generic tracer instead which is likely not what you want. @ https://a.slack-edge.com/bv1-13-br/get-started.02c9de2220fc46f86921.primer.min.js:57
[   17189ms] [WARNING] Feb-11 13:21:51.647 Couldn't complete metrics measurement for start mark 'session_lifespan' @ https://a.slack-edge.com/bv1-13-br/get-started.02c9de2220fc46f86921.primer.min.js:57
[   23108ms] [WARNING] Feb-11 13:21:57.565 TELEMETRY You tried to get a team-specific telemeter but didn’t provide enough context and are getting the generic telemeter instead which is likely not what you want. @ https://a.slack-edge.com/bv1-13-br/get-started.02c9de2220fc46f86921.primer.min.js:57
[   23110ms] [WARNING] Feb-11 13:21:57.567 TELEMETRY You tried to get a team-specific telemeter but didn’t provide enough context and are getting the generic telemeter instead which is likely not what you want. @ https://a.slack-edge.com/bv1-13-br/get-started.02c9de2220fc46f86921.primer.min.js:57
[   23215ms] [WARNING] Feb-11 13:21:57.666 TRACES You tried to get a team-specific tracer but didn’t provide enough context and are getting the generic tracer instead which is likely not what you want. @ https://a.slack-edge.com/bv1-13-br/get-started.02c9de2220fc46f86921.primer.min.js:57
[   23216ms] [WARNING] Feb-11 13:21:57.673 TRACES You tried to get a team-specific tracer but didn’t provide enough context and are getting the generic tracer instead which is likely not what you want. @ https://a.slack-edge.com/bv1-13-br/get-started.02c9de2220fc46f86921.primer.min.js:57
[   23579ms] [WARNING] Feb-11 13:21:58.036 Couldn't complete metrics measurement for start mark 'session_lifespan' @ https://a.slack-edge.com/bv1-13-br/get-started.02c9de2220fc46f86921.primer.min.js:57
[   25437ms] [WARNING] Error in Optanon wrapper, please review your code. ReferenceError: loadGTM is not defined @ https://cdn.cookielaw.org/scripttemplates/202402.1.0/otBannerSdk.js:6
[   25457ms] [ERROR] Failed to launch 'slack://T08HGAA1ER5/magic-login/10486107345110-f7623f943c328ced9ea99cac77c070682ede58a12be08499ed51c4b06e628e38?id=1' because the scheme does not have a registered handler. @ https://procaai.slack.com/ssb/redirect:0
[   25576ms] [ERROR] Access to XMLHttpRequest at 'https://slack.com/clog/track/' from origin 'https://procaai.slack.com' has been blocked by CORS policy: No 'Access-Control-Allow-Origin' header is present on the requested resource. @ https://procaai.slack.com/ssb/redirect:0
[   25577ms] [ERROR] Failed to load resource: net::ERR_FAILED @ https://slack.com/clog/track/:0
[   57251ms] [ERROR] Access to XMLHttpRequest at 'https://slack.com/clog/track/' from origin 'https://procaai.slack.com' has been blocked by CORS policy: No 'Access-Control-Allow-Origin' header is present on the requested resource. @ https://procaai.slack.com/ssb/redirect:0
[   57252ms] [ERROR] Failed to load resource: net::ERR_FAILED @ https://slack.com/clog/track/:0
